Arguments: 
  C:\Program Files\nodejs\node.exe C:\Users\Waqas\AppData\Roaming\npm\node_modules\yarn\bin\yarn.js add bcryptjs: *,

PATH: 
  C:\ProgramData\Oracle\Java\javapath;C:\Program Files (x86)\Common Files\Intel\Shared Libraries\redist\intel64\compiler;C:\WINDOWS\system32;C:\WINDOWS;C:\WINDOWS\System32\Wbem;C:\WINDOWS\System32\WindowsPowerShell\v1.0\;C:\Program Files\nodejs\;C:\Program Files\Git\cmd;C:\Program Files\MongoDB\Server\3.6\bin;C:\Program Files\Genymobile\Genymotion\tools;C:\Users\Waqas\AppData\Local\Android\Sdk;C:\Program Files\Java\jdk1.8.0_161\bin;;C:\WINDOWS\System32\OpenSSH\;C:\Users\Waqas\AppData\Local\Microsoft\WindowsApps;C:\Users\Waqas\AppData\Roaming\npm;C:\Users\Waqas\AppData\Local\atom\bin;C:\Program Files\Microsoft VS Code\bin;C:\Users\Waqas\AppData\Local\Android\Sdk\platform-tools;C:\Users\Waqas\AppData\Local\Android\Sdk\tools;;%USERPROFILE%\AppData\Local\Microsoft\WindowsApps

Yarn version: 
  1.5.1

Node version: 
  8.9.4

Platform: 
  win32 x64

npm manifest: 
  {
    "name": "authenticationapp",
    "version": "1.0.0",
    "description": "Autentication system",
    "main": "app.js",
    "scripts": {
      "test": "echo \"Error: no test specified\" && exit 1"
    },
    "author": "Waqas",
    "license": "ISC",
    "dependencies": {}
  }

yarn manifest: 
  No manifest

Lockfile: 
  No lockfile

Trace: 
  Error: Invalid URL
      at module.exports.module.exports (C:\Users\Waqas\AppData\Roaming\npm\node_modules\yarn\lib\cli.js:126447:9)
      at urlParts (C:\Users\Waqas\AppData\Roaming\npm\node_modules\yarn\lib\cli.js:31059:75)
      at NpmRegistry.isRequestToRegistry (C:\Users\Waqas\AppData\Roaming\npm\node_modules\yarn\lib\cli.js:31098:19)
      at NpmRegistry.request (C:\Users\Waqas\AppData\Roaming\npm\node_modules\yarn\lib\cli.js:31126:29)
      at NpmResolver.<anonymous> (C:\Users\Waqas\AppData\Roaming\npm\node_modules\yarn\lib\cli.js:51476:51)
      at Generator.next (<anonymous>)
      at step (C:\Users\Waqas\AppData\Roaming\npm\node_modules\yarn\lib\cli.js:98:30)
      at C:\Users\Waqas\AppData\Roaming\npm\node_modules\yarn\lib\cli.js:116:14
      at new Promise (<anonymous>)
      at new F (C:\Users\Waqas\AppData\Roaming\npm\node_modules\yarn\lib\cli.js:23451:28)
